<?xml version="1.0" encoding="UTF-8"?>
<testsuite xmlns:xsi="http://www.w3.org/2001/XMLSchema-instance" xsi:noNamespaceSchemaLocation="https://maven.apache.org/surefire/maven-surefire-plugin/xsd/surefire-test-report.xsd" version="3.0.2" name="com.showexcel.CashStatisticsControllerTest" time="1.132" tests="2" errors="0" skipped="0" failures="0">
  <properties>
[...]
</properties>
  <testcase name="getCashStatisticsTable_ShouldReturnEmptyListWhenNoData" classname="com.showexcel.CashStatisticsControllerTest" time="1.088">
    <system-out><![CDATA[17:56:40.035 [main] INFO com.showexcel.controller.CashStatisticsController -- 返回的JSON数据: []
=== JSON数据输出 ===
[]
===================
]]></system-out>
  </testcase>
  <testcase name="getCashStatisticsTable_ShouldReturnListOfCashStatisticsTableDTO" classname="com.showexcel.CashStatisticsControllerTest" time="0.023">
    <system-out><![CDATA[17:56:40.082 [main] INFO com.showexcel.controller.CashStatisticsController -- 返回的JSON数据: [{"headers":[],"rows":[],"mergeConfigs":[],"title":"现金统计表"},{"headers":[],"rows":[],"mergeConfigs":[],"title":"现金统计表"}]
=== JSON数据输出 ===
[{"headers":[],"rows":[],"mergeConfigs":[],"title":"现金统计表"},{"headers":[],"rows":[],"mergeConfigs":[],"title":"现金统计表"}]
===================
]]></system-out>
  </testcase>
</testsuite>