<?xml version="1.0" encoding="UTF-8"?>
<testsuite xmlns:xsi="http://www.w3.org/2001/XMLSchema-instance" xsi:noNamespaceSchemaLocation="https://maven.apache.org/surefire/maven-surefire-plugin/xsd/surefire-test-report.xsd" version="3.0.2" name="com.showexcel.BatchUpdateTest" time="8.647" tests="1" errors="0" skipped="0" failures="0">
  <properties>
[...]
</properties>
  <testcase name="testBatchUpdateWithExistingDate" classname="com.showexcel.BatchUpdateTest" time="6.747">
    <system-out><![CDATA[17:56:40.170 [main] INFO org.springframework.test.context.support.AnnotationConfigContextLoaderUtils -- Could not detect default configuration classes for test class [com.showexcel.BatchUpdateTest]: BatchUpdateTest does not declare any static, non-private, non-final, nested classes annotated with @Configuration.
17:56:40.281 [main] INFO org.springframework.boot.test.context.SpringBootTestContextBootstrapper -- Found @SpringBootConfiguration com.showexcel.ShowExcelApplication for test class com.showexcel.BatchUpdateTest

  .   ____          _            __ _ _
 /\\ / ___'_ __ _ _(_)_ __  __ _ \ \ \ \
( ( )\___ | '_ | '_| | '_ \/ _` | \ \ \ \
 \\/  ___)| |_)| | | | | || (_| |  ) ) ) )
  '  |____| .__|_| |_|_| |_\__, | / / / /
 =========|_|==============|___/=/_/_/_/

 :: Spring Boot ::                (v3.5.2)

2025-10-31T17:56:40.618+08:00  INFO 73615 --- [showExcel] [           main] com.showexcel.BatchUpdateTest            : Starting BatchUpdateTest using Java 18.0.2.1 with PID 73615 (started by yanqunzhang in /Users/mine/Desktop/myproject/workOfJava/showExcel)
2025-10-31T17:56:40.620+08:00  INFO 73615 --- [showExcel] [           main] com.showexcel.BatchUpdateTest            : No active profile set, falling back to 1 default profile: "default"
Logging initialized using 'class org.apache.ibatis.logging.stdout.StdOutImpl' adapter.
Get /172.18.100.116 network interface 
Get network interface info: name:en0 (en0)
Initialization Sequence datacenterId:28 workerId:24
 _ _   |_  _ _|_. ___ _ |    _ 
| | |\/|_)(_| | |_\  |_)||_|_\ 
     /               |         
                        3.5.7 
2025-10-31T17:56:41.764+08:00  INFO 73615 --- [showExcel] [           main] o.s.b.a.w.s.WelcomePageHandlerMapping    : Adding welcome page: class path resource [static/index.html]
2025-10-31T17:56:41.985+08:00  INFO 73615 --- [showExcel] [           main] com.showexcel.BatchUpdateTest            : Started BatchUpdateTest in 1.596 seconds (process running for 3.515)
Creating a new SqlSession
SqlSession [org.apache.ibatis.session.defaults.DefaultSqlSession@5621a671] was not registered for synchronization because synchronization is not active
2025-10-31T17:56:42.073+08:00  INFO 73615 --- [showExcel] [           main] com.zaxxer.hikari.HikariDataSource       : HikariPool-1 - Starting...
2025-10-31T17:56:48.047+08:00  INFO 73615 --- [showExcel] [           main] com.zaxxer.hikari.pool.HikariPool        : HikariPool-1 - Added connection com.mysql.cj.jdbc.ConnectionImpl@2f58f492
2025-10-31T17:56:48.049+08:00  INFO 73615 --- [showExcel] [           main] com.zaxxer.hikari.HikariDataSource       : HikariPool-1 - Start completed.
JDBC Connection [HikariProxyConnection@958291962 wrapping com.mysql.cj.jdbc.ConnectionImpl@2f58f492] will not be managed by Spring
==>  Preparing: SELECT id,holiday_date,holiday_name,is_holiday,holiday_type,year,description,created_time,updated_time FROM holiday_calendar WHERE (DATE(holiday_date) = DATE(?))
==> Parameters: 2024-02-09 00:00:00.0(Timestamp)
<==    Columns: id, holiday_date, holiday_name, is_holiday, holiday_type, year, description, created_time, updated_time
<==        Row: 11, 2024-02-08, 测试节假日, 1, TEST, 2024, 测试描述, 2025-10-30 01:18:38, 2025-10-30 01:18:38
<==      Total: 1
Closing non transactional SqlSession [org.apache.ibatis.session.defaults.DefaultSqlSession@5621a671]
Creating a new SqlSession
SqlSession [org.apache.ibatis.session.defaults.DefaultSqlSession@566cc6af] was not registered for synchronization because synchronization is not active
JDBC Connection [HikariProxyConnection@1464018925 wrapping com.mysql.cj.jdbc.ConnectionImpl@2f58f492] will not be managed by Spring
==>  Preparing: UPDATE holiday_calendar SET holiday_date=?, holiday_name=?, is_holiday=?, holiday_type=?, year=?, description=? WHERE id=?
==> Parameters: 2024-02-09 00:00:00.0(Timestamp), 测试节假日(String), true(Boolean), TEST(String), 2024(Integer), 测试描述(String), 11(Long)
<==    Updates: 1
Closing non transactional SqlSession [org.apache.ibatis.session.defaults.DefaultSqlSession@566cc6af]
批量更新结果: true
如果返回true但数据库未更新，说明查询未匹配到已存在的记录
]]></system-out>
  </testcase>
</testsuite>